Looking for git in: git
Using git 2.26.1 from git
> git rev-parse --show-toplevel
> git rev-parse --git-dir
Open repository: /root/Desktop/bookstore/bookstore
> git status -z -u
> git symbolic-ref --short HEAD
> git rev-parse master
> git rev-parse --symbolic-full-name master@{u}
> git rev-list --left-right master...refs/remotes/origin/master
> git show :src/styling/books.css
> git ls-files --stage -- /root/Desktop/bookstore/bookstore/src/styling/books.css
> git for-each-ref --format %(refname) %(objectname) --sort -committerdate
> git remote --verbose
> git cat-file -s 2839af847917b6c549790f1b26daf45c607aeb93
> git config --get commit.template
> git check-ignore -v -z --stdin
> git check-ignore -v -z --stdin
> git status -z -u
> git symbolic-ref --short HEAD
> git rev-parse master
> git rev-parse --symbolic-full-name master@{u}
> git rev-list --left-right master...refs/remotes/origin/master
> git for-each-ref --format %(refname) %(objectname) --sort -committerdate
> git remote --verbose
> git config --get commit.template
> git check-ignore -v -z --stdin
> git status -z -u
> git show :src/dummydata/DummyData.js
> git ls-files --stage -- /root/Desktop/bookstore/bookstore/src/dummydata/DummyData.js
> git symbolic-ref --short HEAD
> git rev-parse master
> git rev-parse --symbolic-full-name master@{u}
> git rev-list --left-right master...refs/remotes/origin/master
> git for-each-ref --format %(refname) %(objectname) --sort -committerdate
> git remote --verbose
> git config --get commit.template
> git status -z -u
> git symbolic-ref --short HEAD
> git rev-parse master
> git rev-parse --symbolic-full-name master@{u}
> git rev-list --left-right master...refs/remotes/origin/master
> git for-each-ref --format %(refname) %(objectname) --sort -committerdate
> git remote --verbose
> git config --get commit.template
