Looking for git in: git
Using git 2.26.1 from git
> git rev-parse --show-toplevel
> git rev-parse --git-dir
Open repository: /root/Desktop/bookstore/bookstore
> git status -z -u
> git symbolic-ref --short HEAD
> git rev-parse master
> git rev-parse --symbolic-full-name master@{u}
> git rev-list --left-right master...refs/remotes/origin/master
> git show :src/dummydata/DummyData.js
> git ls-files --stage -- /root/Desktop/bookstore/bookstore/src/dummydata/DummyData.js
> git for-each-ref --format %(refname) %(objectname) --sort -committerdate
> git remote --verbose
> git config --get commit.template
> git check-ignore -v -z --stdin
> git status -z -u
> git symbolic-ref --short HEAD
> git rev-parse master
> git rev-parse --symbolic-full-name master@{u}
> git rev-list --left-right master...refs/remotes/origin/master
> git for-each-ref --format %(refname) %(objectname) --sort -committerdate
> git remote --verbose
> git config --get commit.template
> git ls-files --stage -- /root/Desktop/bookstore/bookstore/src/dummydata/DummyData.js
> git show :src/dummydata/DummyData.js
> git status -z -u
> git symbolic-ref --short HEAD
> git rev-parse master
> git rev-parse --symbolic-full-name master@{u}
> git rev-list --left-right master...refs/remotes/origin/master
> git for-each-ref --format %(refname) %(objectname) --sort -committerdate
> git remote --verbose
> git config --get commit.template
> git status -z -u
> git ls-files --stage -- /root/Desktop/bookstore/bookstore/src/dummydata/DummyData.js
> git cat-file -s 9ab0f63fee1ee3aa008567496424e3e6585b5e7b
> git show :src/dummydata/DummyData.js
> git symbolic-ref --short HEAD
> git rev-parse master
> git rev-parse --symbolic-full-name master@{u}
> git rev-list --left-right master...refs/remotes/origin/master
> git for-each-ref --format %(refname) %(objectname) --sort -committerdate
> git remote --verbose
> git config --get commit.template
> git status -z -u
> git symbolic-ref --short HEAD
> git rev-parse master
> git rev-parse --symbolic-full-name master@{u}
> git rev-list --left-right master...refs/remotes/origin/master
> git for-each-ref --format %(refname) %(objectname) --sort -committerdate
> git remote --verbose
> git config --get commit.template
> git ls-files --stage -- /root/Desktop/bookstore/bookstore/src/dummydata/DummyData.js
> git cat-file -s 9ab0f63fee1ee3aa008567496424e3e6585b5e7b
> git show :src/dummydata/DummyData.js
> git status -z -u
> git symbolic-ref --short HEAD
> git rev-parse master
> git rev-parse --symbolic-full-name master@{u}
> git rev-list --left-right master...refs/remotes/origin/master
> git for-each-ref --format %(refname) %(objectname) --sort -committerdate
> git remote --verbose
> git config --get commit.template
> git status -z -u
> git symbolic-ref --short HEAD
> git rev-parse master
> git rev-parse --symbolic-full-name master@{u}
> git rev-list --left-right master...refs/remotes/origin/master
> git for-each-ref --format %(refname) %(objectname) --sort -committerdate
> git remote --verbose
> git config --get commit.template
> git ls-files --stage -- /root/Desktop/bookstore/bookstore/src/dummydata/DummyData.js
> git cat-file -s 9ab0f63fee1ee3aa008567496424e3e6585b5e7b
> git show :src/dummydata/DummyData.js
> git status -z -u
> git symbolic-ref --short HEAD
> git rev-parse master
> git rev-parse --symbolic-full-name master@{u}
> git rev-list --left-right master...refs/remotes/origin/master
> git for-each-ref --format %(refname) %(objectname) --sort -committerdate
> git remote --verbose
> git config --get commit.template
> git show :src/styling/books.css
> git ls-files --stage -- /root/Desktop/bookstore/bookstore/src/styling/books.css
> git cat-file -s 387e956853d8512e572691baf1fcdcfc908eb559
> git show :src/App.js
> git ls-files --stage -- /root/Desktop/bookstore/bookstore/src/App.js
> git cat-file -s 53c63f3e61c31e3a693d93a43243a2f9b7d735ec
